WorkerThreadPool: 8 threads, 2 max low-priority.
Godot Engine v4.4.1.stable.official.49a5bc7b6 - https://godotengine.org
TextServer: Added interface "Dummy"
TextServer: Added interface "ICU / HarfBuzz / Graphite (Built-in)"
Using "default" pen tablet driver...
OpenGL debugging not supported!
Shader 'CanvasSdfShaderGLES3' SHA256: 22d68053fdf98485f6b8b9ab05338f90ec4bef17c43da221c430d247695c46d4
Shader 'SkeletonShaderGLES3' SHA256: 68048248535845d6822ba1e08330e3442b2997ae69cfb5e007de75d2a51cc314
Shader 'ParticlesShaderGLES3' SHA256: 515e1a416e96e1da6e9977f2c6dc861b53ac531604361a9b990f052e0018182d
Shader 'ParticlesCopyShaderGLES3' SHA256: da6c8db21e71ddd8207c8c7848b9c8ad34abe4d64ba988011a687379a8800d03
Shader 'CopyShaderGLES3' SHA256: b3169567f1d9a0784bcd78afc9cf2c8508cbdab4eb29a896e00378b7bd0a6484
Shader 'CubemapFilterShaderGLES3' SHA256: 8f018cd4f269dce84725e9bff1f607578c1303606dcfce42594b3cd3e529a328
Shader 'GlowShaderGLES3' SHA256: bb25fcdcf095462c5689aa2ac2c20d7e1f50d20ca1b20987650ee84c94c4da9e
Shader 'PostShaderGLES3' SHA256: d8b0023690c5a73688a8176fb507101c1d5bdb75d0b85d1929f5d24e41baad3d
Shader 'FeedShaderGLES3' SHA256: b495ab9e0e77afd4eee16d1cf23f2ae383c58915c03603127792d4aa3126ba9f
Shader 'CanvasShaderGLES3' SHA256: 93b4888f1ae4858512adebb82dd6f71d8f37d9aeed0221f653678d7c2d3fd139
Shader 'CanvasOcclusionShaderGLES3' SHA256: 642e8b98a13d61ebbdc7beafb9921bd6acc6682dd7483b37b44fc25c828fc684
Shader 'SceneShaderGLES3' SHA256: 3e7c83c58674c6e6903a3ab3853f2605c867e2264aa204971747f010a3350fd2
Shader 'SkyShaderGLES3' SHA256: ddc08a7933e37885f6a0ff776570983538553b3055d5332e4bad46871c699f3b
OpenGL API 4.1 Metal - 89.4 - Compatibility - Using Device: Apple - Apple M1
CoreAudio: detected 2 channels
CoreAudio: output sampling rate: 44100 Hz
CoreAudio: output audio buffer frames: 512 calculated latency: 11ms

TextServer: Primary interface set to: "ICU / HarfBuzz / Graphite (Built-in)".
CameraServer: Registered camera FaceTime HD Camera with ID 1 and position 0 at index 0
CORE API HASH: 4052744068
EDITOR API HASH: 910296392
Loading resource: res://Scripts/Interactions/InteractionManager/InteractionManager.tscn
Loading resource: res://Scripts/Interactions/InteractionManager/InteractionManager.gd
Loading resource: res://Assets/CyberQuest_Assets/Fonts/AC-Everyday_unicode.ttf
Loading resource: res://.godot/imported/AC-Everyday_unicode.ttf-438a4ddfd09e2c533773a2dd82479e7c.fontdata
Loading resource: res://addons/dialogue_manager/dialogue_manager.gd
Loading resource: res://addons/dialogue_manager/test_scene.tscn
Loading resource: res://addons/dialogue_manager/test_scene.gd
Loading resource: res://Scripts/Characters/MainPlayer/SpawnManager.gd
Loaded system CA certificates
Loading resource: res://Menus/main_menu/Menu.tscn
Loading resource: res://Menus/main_menu/menu.gd
Loading resource: res://Assets/CyberQuest_Assets/Backgrounds/Cyber_Quest_logo.png
Loading resource: res://.godot/imported/Cyber_Quest_logo.png-a94f5096de0810e96bee619e5bc7bcd6.ctex
Loading resource: res://Assets/CyberQuest_Assets/Backgrounds/Blue_Gradient.png
Loading resource: res://.godot/imported/Blue_Gradient.png-6408f79048997b4b46719b76b25bbc35.ctex
Loading resource: res://Assets/CyberQuest_Assets/Music/TitleMusic.mp3
Loading resource: res://.godot/imported/TitleMusic.mp3-255c6cb31c8ff9a63f836c6ab6008586.mp3str
Loading resource: res://Menus/main_menu/NewGame_Menu.tscn
Loading resource: res://Menus/main_menu/new_game_menu.gd
Loading resource: res://Assets/web_safety_assets/Backgrounds/Stars.png
Loading resource: res://.godot/imported/Stars.png-c0d743b12072be31b9a25f0cb54c8880.ctex
Loading resource: res://Assets/web_safety_assets/fonts/PixelOperator8-Bold.ttf
Loading resource: res://.godot/imported/PixelOperator8-Bold.ttf-7ec03b807c785763e18082e9078b806b.fontdata
Loading resource: res://Levels/Lvl1_1.tscn
Loading resource: res://Levels/lvl_1_1.gd
Loading resource: res://Assets/CyberQuest_Assets/Backgrounds/background.png
Loading resource: res://.godot/imported/background.png-0392819e5197ed62187de544c5514f81.ctex
Loading resource: res://Assets/CyberQuest_Assets/Environment/spaceshipWithoutWalkway.png
Loading resource: res://.godot/imported/spaceshipWithoutWalkway.png-cb26b8a8a7bf36b8cd1eb3dcb32f6ca3.ctex
Loading resource: res://Assets/CyberQuest_Assets/Backgrounds/spaceBackround.png
Loading resource: res://.godot/imported/spaceBackround.png-fcc0780cc31d545de2f589fc10c165b3.ctex
Loading resource: res://Assets/CyberQuest_Assets/Environment/boxesNew.png
Loading resource: res://.godot/imported/boxesNew.png-1398d1c85f898685165bc626c21b6f42.ctex
Loading resource: res://Assets/CyberQuest_Assets/Environment/tilesFloor.png
Loading resource: res://.godot/imported/tilesFloor.png-df245ea9a9e5042a9ed3f86fc8ce7c2b.ctex
Loading resource: res://Assets/CyberQuest_Assets/Environment/wallTopGrey.png
Loading resource: res://.godot/imported/wallTopGrey.png-6fe3576eb4b713dd680d96ff55c59bba.ctex
Loading resource: res://Assets/CyberQuest_Assets/Environment/bigBox.png
Loading resource: res://.godot/imported/bigBox.png-dc0aed776d9faee6e073ec5a298d5f33.ctex
Loading resource: res://Assets/CyberQuest_Assets/Environment/towers.png
Loading resource: res://.godot/imported/towers.png-7f9f281aef9406b9223d3ac97e4eb51b.ctex
Loading resource: res://Assets/CyberQuest_Assets/Environment/fenceBigger.png
Loading resource: res://.godot/imported/fenceBigger.png-6e69ee0ec120637944b7cc3c5ad73cab.ctex
Loading resource: res://Scripts/objects/Terminal/Terminal.tscn
Loading resource: res://Scripts/objects/Terminal/terminal.gd
Loading resource: res://Assets/CyberQuest_Assets/Environment/terminal.png
Loading resource: res://.godot/imported/terminal.png-ed325459714acec0f7253627bb49350e.ctex
Loading resource: res://Scripts/Interactions/InteractionArea/InteractionArea.tscn
Loading resource: res://Scripts/objects/PassBlock/PassDropoutZone.tscn
Loading resource: res://Scripts/objects/PassBlock/PassDropoutZone.gd
Loading resource: res://Scripts/Characters/MainPlayer/player.tscn
Loading resource: res://Scripts/Characters/MainPlayer/player.gd
Loading resource: res://HUD/Scripts_Resources/Player_Inventory.tres
Loading resource: res://Assets/CyberQuest_Assets/Characters/Astronaut Player.png
Loading resource: res://.godot/imported/Astronaut Player.png-345fb4170eb179657f532d951910f7e0.ctex
Loading resource: res://Scripts/Characters/MainPlayer/dash.gd
Loading resource: res://Scripts/objects/door/Door.tscn
Loading resource: res://Scripts/objects/door/door.gd
Loading resource: res://Assets/CyberQuest_Assets/Environment/Animations/External_door_spritesheet.png
Loading resource: res://.godot/imported/External_door_spritesheet.png-45fe409a8354d779daf64672e547731b.ctex
Loading resource: res://Scripts/objects/Boxes/move_box.tscn
Loading resource: res://Scripts/objects/Boxes/move_box.gd
Loading resource: res://Scripts/objects/PassBlock/PassBlock.tscn
Loading resource: res://Scripts/objects/PassBlock/PassBlock.gd
Loading resource: res://Assets/CyberQuest_Assets/Environment/Keys_32px_Spritesheet_all.png
Loading resource: res://.godot/imported/Keys_32px_Spritesheet_all.png-e02dce04c47efb21b9e37f4c6b331b99.ctex
Loading resource: res://PasswordUI/new/ctrl.tscn
Loading resource: res://PasswordUI/new/keyboard.gd
Loading resource: res://addons/Onscreen-Keyboard/addons/onscreenkeyboard/onscreen_keyboard.gd
Loading resource: res://addons/Onscreen-Keyboard/addons/onscreenkeyboard/icons/delete.png
Loading resource: res://.godot/imported/delete.png-354dc972208d0290a60df7d6a5e4c739.ctex
Loading resource: res://addons/Onscreen-Keyboard/addons/onscreenkeyboard/icons/shift.png
Loading resource: res://.godot/imported/shift.png-4121abf1331977967da161efefd0e138.ctex
Loading resource: res://addons/Onscreen-Keyboard/addons/onscreenkeyboard/icons/left.png
Loading resource: res://.godot/imported/left.png-3f4b2420c3b885733e76835490ac9436.ctex
Loading resource: res://addons/Onscreen-Keyboard/addons/onscreenkeyboard/icons/right.png
Loading resource: res://.godot/imported/right.png-691027f392b240125d9a95c9d89db6de.ctex
Loading resource: res://addons/Onscreen-Keyboard/addons/onscreenkeyboard/icons/hide.png
Loading resource: res://.godot/imported/hide.png-0712c776a983563cd9f3dfc5945d9dbe.ctex
Loading resource: res://addons/Onscreen-Keyboard/addons/onscreenkeyboard/icons/enter.png
Loading resource: res://.godot/imported/enter.png-de240c0e9894c1dc8b3a2e6ff7a5576d.ctex
Loading resource: res://Menus/pause_menu/PauseHUD.tscn
Loading resource: res://Menus/pause_menu/pause_menu.tscn
Loading resource: res://Menus/pause_menu/pause_menu.gd
Loading resource: res://Menus/pause_menu/pause_button.tscn
Loading resource: res://Menus/pause_menu/pause_button.gd
Loading resource: res://Menus/pause_menu/pause_interaction.tscn
Loading resource: res://Menus/pause_menu/pause_interaction.gd
Loading resource: res://Scripts/Characters/MainPlayer/two_player_camera.gd
Block id: 2
Block id: 1
Block id: 3
Block id: 0
["07022008", "722008", "02072008", "272008", "07200802", "720082", "02200807", "220087", "20080207", "200827", "20080702", "200872", "03122008", "3122008", "12032008", "1232008", "03200812", "3200812", "12200803", "1220083", "20081203", "2008123", "20080312", "2008312"]
Data saved: { "player_name_1": "fr1", "birthdate_1": "07/02/2003", "player_name_2": "fr2", "birthdate_2": "07/02/2003", "level": 11 }
Loading resource: res://Menus/main_menu/Menu.tscn
Loading resource: res://Assets/CyberQuest_Assets/Backgrounds/Cyber_Quest_logo.png
Loading resource: res://.godot/imported/Cyber_Quest_logo.png-a94f5096de0810e96bee619e5bc7bcd6.ctex
Loading resource: res://Assets/CyberQuest_Assets/Backgrounds/Blue_Gradient.png
Loading resource: res://.godot/imported/Blue_Gradient.png-6408f79048997b4b46719b76b25bbc35.ctex
Loading resource: res://Assets/CyberQuest_Assets/Music/TitleMusic.mp3
Loading resource: res://.godot/imported/TitleMusic.mp3-255c6cb31c8ff9a63f836c6ab6008586.mp3str
Loading resource: res://Menus/main_menu/Load-Menu.tscn
Loading resource: res://Menus/main_menu/load_menu.gd
Loading resource: res://Assets/web_safety_assets/fonts/PixelOperator8-Bold.ttf
Loading resource: res://.godot/imported/PixelOperator8-Bold.ttf-7ec03b807c785763e18082e9078b806b.fontdata
Loading resource: res://Assets/web_safety_assets/Backgrounds/Stars.png
Loading resource: res://.godot/imported/Stars.png-c0d743b12072be31b9a25f0cb54c8880.ctex
Loading resource: res://Assets/web_safety_assets/fonts/PixelOperator8.ttf
Loading resource: res://.godot/imported/PixelOperator8.ttf-6307ebe270c7f96400f3dfd2e42d7196.fontdata
LoadMenu:<Control#142136575800>
res://Levels/Lvl1_1.tscn
Loading resource: res://Levels/Lvl1_1.tscn
Loading resource: res://Assets/CyberQuest_Assets/Backgrounds/background.png
Loading resource: res://.godot/imported/background.png-0392819e5197ed62187de544c5514f81.ctex
Loading resource: res://Assets/CyberQuest_Assets/Environment/spaceshipWithoutWalkway.png
Loading resource: res://.godot/imported/spaceshipWithoutWalkway.png-cb26b8a8a7bf36b8cd1eb3dcb32f6ca3.ctex
Loading resource: res://Assets/CyberQuest_Assets/Backgrounds/spaceBackround.png
Loading resource: res://.godot/imported/spaceBackround.png-fcc0780cc31d545de2f589fc10c165b3.ctex
Loading resource: res://Assets/CyberQuest_Assets/Environment/boxesNew.png
Loading resource: res://.godot/imported/boxesNew.png-1398d1c85f898685165bc626c21b6f42.ctex
Loading resource: res://Assets/CyberQuest_Assets/Environment/tilesFloor.png
Loading resource: res://.godot/imported/tilesFloor.png-df245ea9a9e5042a9ed3f86fc8ce7c2b.ctex
Loading resource: res://Assets/CyberQuest_Assets/Environment/wallTopGrey.png
Loading resource: res://.godot/imported/wallTopGrey.png-6fe3576eb4b713dd680d96ff55c59bba.ctex
Loading resource: res://Assets/CyberQuest_Assets/Environment/bigBox.png
Loading resource: res://.godot/imported/bigBox.png-dc0aed776d9faee6e073ec5a298d5f33.ctex
Loading resource: res://Assets/CyberQuest_Assets/Environment/towers.png
Loading resource: res://.godot/imported/towers.png-7f9f281aef9406b9223d3ac97e4eb51b.ctex
Loading resource: res://Assets/CyberQuest_Assets/Environment/fenceBigger.png
Loading resource: res://.godot/imported/fenceBigger.png-6e69ee0ec120637944b7cc3c5ad73cab.ctex
Loading resource: res://Scripts/objects/Terminal/Terminal.tscn
Loading resource: res://Assets/CyberQuest_Assets/Environment/terminal.png
Loading resource: res://.godot/imported/terminal.png-ed325459714acec0f7253627bb49350e.ctex
Loading resource: res://Scripts/Interactions/InteractionArea/InteractionArea.tscn
Loading resource: res://Scripts/objects/PassBlock/PassDropoutZone.tscn
Loading resource: res://Scripts/Characters/MainPlayer/player.tscn
Loading resource: res://HUD/Scripts_Resources/Player_Inventory.tres
Loading resource: res://Assets/CyberQuest_Assets/Characters/Astronaut Player.png
Loading resource: res://.godot/imported/Astronaut Player.png-345fb4170eb179657f532d951910f7e0.ctex
Loading resource: res://Scripts/objects/door/Door.tscn
Loading resource: res://Assets/CyberQuest_Assets/Environment/Animations/External_door_spritesheet.png
Loading resource: res://.godot/imported/External_door_spritesheet.png-45fe409a8354d779daf64672e547731b.ctex
Loading resource: res://Scripts/objects/Boxes/move_box.tscn
Loading resource: res://Scripts/objects/PassBlock/PassBlock.tscn
Loading resource: res://Assets/CyberQuest_Assets/Environment/Keys_32px_Spritesheet_all.png
Loading resource: res://.godot/imported/Keys_32px_Spritesheet_all.png-e02dce04c47efb21b9e37f4c6b331b99.ctex
Loading resource: res://PasswordUI/new/ctrl.tscn
Loading resource: res://Menus/pause_menu/PauseHUD.tscn
Loading resource: res://Menus/pause_menu/pause_menu.tscn
Loading resource: res://Menus/pause_menu/pause_button.tscn
Loading resource: res://Menus/pause_menu/pause_interaction.tscn
